<?xml version="1.0" encoding="UTF-8"?>
<dataset>

	<ADM_USER ID="1" DISABLED="0" CREATED="2010-01-01" CREATOR_ID="1"/>
	
	<CAT_CALENDAR ID="1" VERSION="1" DISABLED="0" CREATED="2010-01-01" CREATOR_ID="1" NAME="Test" CALENDAR_TYPE="CHARGE_IMPUTATION" />
	<CAT_DAY_IN_YEAR ID="1" VERSION="1" MONTH="JANUARY" DAY="31" />
	<CAT_CALENDAR_DAYS CALENDAR_ID="1" DAY_ID="1" />
	
</dataset>